<?xml version="1.0" encoding="utf-8" standalone="no"?>
<test-results xmlns:xsi="http://www.w3.org/2001/XMLSchema-instance" xsi:noNamespaceSchemaLocation="nunit_schema_2.5.xsd" name="Pester" total="8" errors="0" failures="0" not-run="0" inconclusive="0" ignored="0" skipped="0" invalid="0" date="2019-07-06" time="05:24:53">
  <environment user="appveyor" machine-name="APPVYR-WIN" cwd="C:\projects\hypervbackup" user-domain="APPVYR-WIN" platform="Microsoft Windows Server 2012 R2 Datacenter|C:\windows|\Device\Harddisk0\Partition5" nunit-version="2.5.8.0" os-version="6.3.9600" clr-version="4.0.30319.42000" />
  <culture-info current-culture="en-US" current-uiculture="en-US" />
  <test-suite type="TestFixture" name="Pester" executed="True" result="Success" success="True" time="0.6681" asserts="0" description="Pester">
    <results>
      <test-suite type="TestFixture" name="C:\projects\hypervbackup\Tests\ModuleValidation.Tests.ps1" executed="True" result="Success" success="True" time="0.6681" asserts="0" description="C:\projects\hypervbackup\Tests\ModuleValidation.Tests.ps1">
        <results>
          <test-suite type="TestFixture" name="General project validation: HyperVBackup" executed="True" result="Success" success="True" time="0.5775" asserts="0" description="General project validation: HyperVBackup">
            <results>
              <test-suite type="ParameterizedTest" name="General project validation: HyperVBackup.&lt;File&gt; should be valid powershell" executed="True" result="Success" success="True" time="0.2003" asserts="0" description="&lt;File&gt; should be valid powershell">
                <results>
                  <test-case description="C:\projects\hypervbackup\.vscode\PSScriptAnalyzerSettings.psd1 should be valid powershell" name="General project validation: HyperVBackup.C:\projects\hypervbackup\.vscode\PSScriptAnalyzerSettings.psd1 should be valid powershell" time="0.1604" asserts="0" success="True" result="Success" executed="True" />
                  <test-case description="C:\projects\hypervbackup\HyperVBackup\Public\Backup-VM.ps1 should be valid powershell" name="General project validation: HyperVBackup.C:\projects\hypervbackup\HyperVBackup\Public\Backup-VM.ps1 should be valid powershell" time="0.0058" asserts="0" success="True" result="Success" executed="True" />
                  <test-case description="C:\projects\hypervbackup\HyperVBackup\HyperVBackup.psd1 should be valid powershell" name="General project validation: HyperVBackup.C:\projects\hypervbackup\HyperVBackup\HyperVBackup.psd1 should be valid powershell" time="0.0061" asserts="0" success="True" result="Success" executed="True" />
                  <test-case description="C:\projects\hypervbackup\HyperVBackup\HyperVBackup.psm1 should be valid powershell" name="General project validation: HyperVBackup.C:\projects\hypervbackup\HyperVBackup\HyperVBackup.psm1 should be valid powershell" time="0.0105" asserts="0" success="True" result="Success" executed="True" />
                  <test-case description="C:\projects\hypervbackup\Tests\ModuleValidation.Tests.ps1 should be valid powershell" name="General project validation: HyperVBackup.C:\projects\hypervbackup\Tests\ModuleValidation.Tests.ps1 should be valid powershell" time="0.005" asserts="0" success="True" result="Success" executed="True" />
                  <test-case description="C:\projects\hypervbackup\build.ps1 should be valid powershell" name="General project validation: HyperVBackup.C:\projects\hypervbackup\build.ps1 should be valid powershell" time="0.0078" asserts="0" success="True" result="Success" executed="True" />
                  <test-case description="C:\projects\hypervbackup\install.ps1 should be valid powershell" name="General project validation: HyperVBackup.C:\projects\hypervbackup\install.ps1 should be valid powershell" time="0.0048" asserts="0" success="True" result="Success" executed="True" />
                </results>
              </test-suite>
              <test-case description="'HyperVBackup' can import cleanly" name="General project validation: HyperVBackup.'HyperVBackup' can import cleanly" time="0.0365" asserts="0" success="True" result="Success" executed="True" />
            </results>
          </test-suite>
        </results>
      </test-suite>
    </results>
  </test-suite>
</test-results>