<?xml version="1.0" encoding="utf-8" standalone="no"?>
<test-results xmlns:xsi="http://www.w3.org/2001/XMLSchema-instance" xsi:noNamespaceSchemaLocation="nunit_schema_2.5.xsd" name="Pester" total="491" errors="0" failures="0" not-run="0" inconclusive="0" ignored="0" skipped="0" invalid="0" date="2019-07-10" time="19:54:56">
  <environment user="appveyor" machine-name="APPVYR-WIN" cwd="C:\projects\hypervbackup" user-domain="APPVYR-WIN" platform="Microsoft Windows Server 2012 R2 Datacenter|C:\windows|\Device\Harddisk0\Partition5" nunit-version="2.5.8.0" os-version="6.3.9600" clr-version="4.0.30319.42000" />
  <culture-info current-culture="en-US" current-uiculture="en-US" />
  <test-suite type="TestFixture" name="Pester" executed="True" result="Success" success="True" time="6.4887" asserts="0" description="Pester">
    <results>
      <test-suite type="TestFixture" name="C:\projects\hypervbackup\Tests\ModuleValidation.Tests.ps1" executed="True" result="Success" success="True" time="1.0923" asserts="0" description="C:\projects\hypervbackup\Tests\ModuleValidation.Tests.ps1">
        <results>
          <test-suite type="TestFixture" name="General project validation: HyperVBackup" executed="True" result="Success" success="True" time="0.8987" asserts="0" description="General project validation: HyperVBackup">
            <results>
              <test-suite type="TestFixture" name="Manifest" executed="True" result="Success" success="True" time="0.2863" asserts="0" description="Manifest">
                <results>
                  <test-case description="Should contains RootModule" name="General project validation: HyperVBackup.Manifest.Should contains RootModule" time="0.0129" asserts="0" success="True" result="Success" executed="True" />
                  <test-case description="Should contains Author" name="General project validation: HyperVBackup.Manifest.Should contains Author" time="0.0057" asserts="0" success="True" result="Success" executed="True" />
                  <test-case description="Should contains Company Name" name="General project validation: HyperVBackup.Manifest.Should contains Company Name" time="0.0052" asserts="0" success="True" result="Success" executed="True" />
                  <test-case description="Should contains Description" name="General project validation: HyperVBackup.Manifest.Should contains Description" time="0.0051" asserts="0" success="True" result="Success" executed="True" />
                  <test-case description="Should contains Copyright" name="General project validation: HyperVBackup.Manifest.Should contains Copyright" time="0.0052" asserts="0" success="True" result="Success" executed="True" />
                  <test-case description="Should contains License" name="General project validation: HyperVBackup.Manifest.Should contains License" time="0.0071" asserts="0" success="True" result="Success" executed="True" />
                  <test-case description="Should contains a Project Link" name="General project validation: HyperVBackup.Manifest.Should contains a Project Link" time="0.0046" asserts="0" success="True" result="Success" executed="True" />
                  <test-case description="Should contain Tags (For the PSGallery)" name="General project validation: HyperVBackup.Manifest.Should contain Tags (For the PSGallery)" time="0.0092" asserts="0" success="True" result="Success" executed="True" />
                  <test-case description="Should have equal number of Function Exported and the Public PS1 files found (0 and 0)" name="General project validation: HyperVBackup.Manifest.Should have equal number of Function Exported and the Public PS1 files found (0 and 0)" time="0.0085" asserts="0" success="True" result="Success" executed="True" />
                  <test-case description="Compare the missing function" name="General project validation: HyperVBackup.Manifest.Compare the missing function" time="0.0012" asserts="0" success="True" result="Success" executed="True" />
                </results>
              </test-suite>
              <test-suite type="ParameterizedTest" name="General project validation: HyperVBackup.&lt;File&gt; should be valid powershell" executed="True" result="Success" success="True" time="0.2027" asserts="0" description="&lt;File&gt; should be valid powershell">
                <results>
                  <test-case description="C:\projects\hypervbackup\HyperVBackup\Public\Backup-VM.ps1 should be valid powershell" name="General project validation: HyperVBackup.C:\projects\hypervbackup\HyperVBackup\Public\Backup-VM.ps1 should be valid powershell" time="0.1342" asserts="0" success="True" result="Success" executed="True" />
                  <test-case description="C:\projects\hypervbackup\HyperVBackup\Public\Remove-VMBackup.ps1 should be valid powershell" name="General project validation: HyperVBackup.C:\projects\hypervbackup\HyperVBackup\Public\Remove-VMBackup.ps1 should be valid powershell" time="0.0131" asserts="0" success="True" result="Success" executed="True" />
                  <test-case description="C:\projects\hypervbackup\HyperVBackup\HyperVBackup.psd1 should be valid powershell" name="General project validation: HyperVBackup.C:\projects\hypervbackup\HyperVBackup\HyperVBackup.psd1 should be valid powershell" time="0.0084" asserts="0" success="True" result="Success" executed="True" />
                  <test-case description="C:\projects\hypervbackup\HyperVBackup\HyperVBackup.psm1 should be valid powershell" name="General project validation: HyperVBackup.C:\projects\hypervbackup\HyperVBackup\HyperVBackup.psm1 should be valid powershell" time="0.0065" asserts="0" success="True" result="Success" executed="True" />
                  <test-case description="C:\projects\hypervbackup\Tests\ModuleValidation.Tests.ps1 should be valid powershell" name="General project validation: HyperVBackup.C:\projects\hypervbackup\Tests\ModuleValidation.Tests.ps1 should be valid powershell" time="0.0075" asserts="0" success="True" result="Success" executed="True" />
                  <test-case description="C:\projects\hypervbackup\Tests\PSScriptAnalyzer.Tests.ps1 should be valid powershell" name="General project validation: HyperVBackup.C:\projects\hypervbackup\Tests\PSScriptAnalyzer.Tests.ps1 should be valid powershell" time="0.0133" asserts="0" success="True" result="Success" executed="True" />
                  <test-case description="C:\projects\hypervbackup\build.ps1 should be valid powershell" name="General project validation: HyperVBackup.C:\projects\hypervbackup\build.ps1 should be valid powershell" time="0.0138" asserts="0" success="True" result="Success" executed="True" />
                  <test-case description="C:\projects\hypervbackup\install.ps1 should be valid powershell" name="General project validation: HyperVBackup.C:\projects\hypervbackup\install.ps1 should be valid powershell" time="0.0059" asserts="0" success="True" result="Success" executed="True" />
                </results>
              </test-suite>
              <test-case description="'HyperVBackup' can import cleanly" name="General project validation: HyperVBackup.'HyperVBackup' can import cleanly" time="0.053" asserts="0" success="True" result="Success" executed="True" />
            </results>
          </test-suite>
        </results>
      </test-suite>
      <test-suite type="TestFixture" name="C:\projects\hypervbackup\Tests\PSScriptAnalyzer.Tests.ps1" executed="True" result="Success" success="True" time="5.3964" asserts="0" description="C:\projects\hypervbackup\Tests\PSScriptAnalyzer.Tests.ps1">
        <results>
          <test-suite type="TestFixture" name="File build.ps1 should not produce any PSScriptAnalyzer warnings" executed="True" result="Success" success="True" time="0.9827" asserts="0" description="File build.ps1 should not produce any PSScriptAnalyzer warnings">
            <results>
              <test-case description="Should pass PSAlignAssignmentStatement" name="File build.ps1 should not produce any PSScriptAnalyzer warnings.Should pass PSAlignAssignmentStatement" time="0.0039" asserts="0" success="True" result="Success" executed="True" />
              <test-case description="Should pass PSAvoidUsingCmdletAliases" name="File build.ps1 should not produce any PSScriptAnalyzer warnings.Should pass PSAvoidUsingCmdletAliases" time="0.001" asserts="0" success="True" result="Success" executed="True" />
              <test-case description="Should pass PSAvoidAssignmentToAutomaticVariable" name="File build.ps1 should not produce any PSScriptAnalyzer warnings.Should pass PSAvoidAssignmentToAutomaticVariable" time="0.0007" asserts="0" success="True" result="Success" executed="True" />
              <test-case description="Should pass PSAvoidDefaultValueSwitchParameter" name="File build.ps1 should not produce any PSScriptAnalyzer warnings.Should pass PSAvoidDefaultValueSwitchParameter" time="0.0008" asserts="0" success="True" result="Success" executed="True" />
              <test-case description="Should pass PSAvoidDefaultValueForMandatoryParameter" name="File build.ps1 should not produce any PSScriptAnalyzer warnings.Should pass PSAvoidDefaultValueForMandatoryParameter" time="0.0008" asserts="0" success="True" result="Success" executed="True" />
              <test-case description="Should pass PSAvoidUsingEmptyCatchBlock" name="File build.ps1 should not produce any PSScriptAnalyzer warnings.Should pass PSAvoidUsingEmptyCatchBlock" time="0.0007" asserts="0" success="True" result="Success" executed="True" />
              <test-case description="Should pass PSAvoidGlobalAliases" name="File build.ps1 should not produce any PSScriptAnalyzer warnings.Should pass PSAvoidGlobalAliases" time="0.0007" asserts="0" success="True" result="Success" executed="True" />
              <test-case description="Should pass PSAvoidGlobalFunctions" name="File build.ps1 should not produce any PSScriptAnalyzer warnings.Should pass PSAvoidGlobalFunctions" time="0.0008" asserts="0" success="True" result="Success" executed="True" />
              <test-case description="Should pass PSAvoidGlobalVars" name="File build.ps1 should not produce any PSScriptAnalyzer warnings.Should pass PSAvoidGlobalVars" time="0.0007" asserts="0" success="True" result="Success" executed="True" />
              <test-case description="Should pass PSAvoidInvokingEmptyMembers" name="File build.ps1 should not produce any PSScriptAnalyzer warnings.Should pass PSAvoidInvokingEmptyMembers" time="0.0007" asserts="0" success="True" result="Success" executed="True" />
              <test-case description="Should pass PSAvoidNullOrEmptyHelpMessageAttribute" name="File build.ps1 should not produce any PSScriptAnalyzer warnings.Should pass PSAvoidNullOrEmptyHelpMessageAttribute" time="0.0011" asserts="0" success="True" result="Success" executed="True" />
              <test-case description="Should pass PSAvoidUsingPositionalParameters" name="File build.ps1 should not produce any PSScriptAnalyzer warnings.Should pass PSAvoidUsingPositionalParameters" time="0.0007" asserts="0" success="True" result="Success" executed="True" />
              <test-case description="Should pass PSReservedCmdletChar" name="File build.ps1 should not produce any PSScriptAnalyzer warnings.Should pass PSReservedCmdletChar" time="0.0007" asserts="0" success="True" result="Success" executed="True" />
              <test-case description="Should pass PSReservedParams" name="File build.ps1 should not produce any PSScriptAnalyzer warnings.Should pass PSReservedParams" time="0.0007" asserts="0" success="True" result="Success" executed="True" />
              <test-case description="Should pass PSAvoidShouldContinueWithoutForce" name="File build.ps1 should not produce any PSScriptAnalyzer warnings.Should pass PSAvoidShouldContinueWithoutForce" time="0.0007" asserts="0" success="True" result="Success" executed="True" />
              <test-case description="Should pass PSAvoidTrailingWhitespace" name="File build.ps1 should not produce any PSScriptAnalyzer warnings.Should pass PSAvoidTrailingWhitespace" time="0.0006" asserts="0" success="True" result="Success" executed="True" />
              <test-case description="Should pass PSAvoidUsingUsernameAndPasswordParams" name="File build.ps1 should not produce any PSScriptAnalyzer warnings.Should pass PSAvoidUsingUsernameAndPasswordParams" time="0.0009" asserts="0" success="True" result="Success" executed="True" />
              <test-case description="Should pass PSAvoidUsingComputerNameHardcoded" name="File build.ps1 should not produce any PSScriptAnalyzer warnings.Should pass PSAvoidUsingComputerNameHardcoded" time="0.001" asserts="0" success="True" result="Success" executed="True" />
              <test-case description="Should pass PSAvoidUsingConvertToSecureStringWithPlainText" name="File build.ps1 should not produce any PSScriptAnalyzer warnings.Should pass PSAvoidUsingConvertToSecureStringWithPlainText" time="0.0008" asserts="0" success="True" result="Success" executed="True" />
              <test-case description="Should pass PSAvoidUsingDeprecatedManifestFields" name="File build.ps1 should not produce any PSScriptAnalyzer warnings.Should pass PSAvoidUsingDeprecatedManifestFields" time="0.0008" asserts="0" success="True" result="Success" executed="True" />
              <test-case description="Should pass PSAvoidUsingInvokeExpression" name="File build.ps1 should not produce any PSScriptAnalyzer warnings.Should pass PSAvoidUsingInvokeExpression" time="0.0006" asserts="0" success="True" result="Success" executed="True" />
              <test-case description="Should pass PSAvoidUsingPlainTextForPassword" name="File build.ps1 should not produce any PSScriptAnalyzer warnings.Should pass PSAvoidUsingPlainTextForPassword" time="0.0006" asserts="0" success="True" result="Success" executed="True" />
              <test-case description="Should pass PSAvoidUsingWMICmdlet" name="File build.ps1 should not produce any PSScriptAnalyzer warnings.Should pass PSAvoidUsingWMICmdlet" time="0.0008" asserts="0" success="True" result="Success" executed="True" />
              <test-case description="Should pass PSAvoidUsingWriteHost" name="File build.ps1 should not produce any PSScriptAnalyzer warnings.Should pass PSAvoidUsingWriteHost" time="0.0011" asserts="0" success="True" result="Success" executed="True" />
              <test-case description="Should pass PSUseCompatibleCommands" name="File build.ps1 should not produce any PSScriptAnalyzer warnings.Should pass PSUseCompatibleCommands" time="0.0006" asserts="0" success="True" result="Success" executed="True" />
              <test-case description="Should pass PSUseCompatibleSyntax" name="File build.ps1 should not produce any PSScriptAnalyzer warnings.Should pass PSUseCompatibleSyntax" time="0.0006" asserts="0" success="True" result="Success" executed="True" />
              <test-case description="Should pass PSUseCompatibleTypes" name="File build.ps1 should not produce any PSScriptAnalyzer warnings.Should pass PSUseCompatibleTypes" time="0.0011" asserts="0" success="True" result="Success" executed="True" />
              <test-case description="Should pass PSMisleadingBacktick" name="File build.ps1 should not produce any PSScriptAnalyzer warnings.Should pass PSMisleadingBacktick" time="0.0006" asserts="0" success="True" result="Success" executed="True" />
              <test-case description="Should pass PSMissingModuleManifestField" name="File build.ps1 should not produce any PSScriptAnalyzer warnings.Should pass PSMissingModuleManifestField" time="0.0006" asserts="0" success="True" result="Success" executed="True" />
              <test-case description="Should pass PSPlaceCloseBrace" name="File build.ps1 should not produce any PSScriptAnalyzer warnings.Should pass PSPlaceCloseBrace" time="0.0008" asserts="0" success="True" result="Success" executed="True" />
              <test-case description="Should pass PSPlaceOpenBrace" name="File build.ps1 should not produce any PSScriptAnalyzer warnings.Should pass PSPlaceOpenBrace" time="0.0006" asserts="0" success="True" result="Success" executed="True" />
              <test-case description="Should pass PSPossibleIncorrectComparisonWithNull" name="File build.ps1 should not produce any PSScriptAnalyzer warnings.Should pass PSPossibleIncorrectComparisonWithNull" time="0.0006" asserts="0" success="True" result="Success" executed="True" />
              <test-case description="Should pass PSPossibleIncorrectUsageOfAssignmentOperator" name="File build.ps1 should not produce any PSScriptAnalyzer warnings.Should pass PSPossibleIncorrectUsageOfAssignmentOperator" time="0.0006" asserts="0" success="True" result="Success" executed="True" />
              <test-case description="Should pass PSPossibleIncorrectUsageOfRedirectionOperator" name="File build.ps1 should not produce any PSScriptAnalyzer warnings.Should pass PSPossibleIncorrectUsageOfRedirectionOperator" time="0.0006" asserts="0" success="True" result="Success" executed="True" />
              <test-case description="Should pass PSProvideCommentHelp" name="File build.ps1 should not produce any PSScriptAnalyzer warnings.Should pass PSProvideCommentHelp" time="0.0006" asserts="0" success="True" result="Success" executed="True" />
              <test-case description="Should pass PSUseApprovedVerbs" name="File build.ps1 should not produce any PSScriptAnalyzer warnings.Should pass PSUseApprovedVerbs" time="0.0006" asserts="0" success="True" result="Success" executed="True" />
              <test-case description="Should pass PSUseBOMForUnicodeEncodedFile" name="File build.ps1 should not produce any PSScriptAnalyzer warnings.Should pass PSUseBOMForUnicodeEncodedFile" time="0.0006" asserts="0" success="True" result="Success" executed="True" />
              <test-case description="Should pass PSUseCmdletCorrectly" name="File build.ps1 should not produce any PSScriptAnalyzer warnings.Should pass PSUseCmdletCorrectly" time="0.0006" asserts="0" success="True" result="Success" executed="True" />
              <test-case description="Should pass PSUseCompatibleCmdlets" name="File build.ps1 should not produce any PSScriptAnalyzer warnings.Should pass PSUseCompatibleCmdlets" time="0.0078" asserts="0" success="True" result="Success" executed="True" />
              <test-case description="Should pass PSUseConsistentIndentation" name="File build.ps1 should not produce any PSScriptAnalyzer warnings.Should pass PSUseConsistentIndentation" time="0.0006" asserts="0" success="True" result="Success" executed="True" />
              <test-case description="Should pass PSUseConsistentWhitespace" name="File build.ps1 should not produce any PSScriptAnalyzer warnings.Should pass PSUseConsistentWhitespace" time="0.0006" asserts="0" success="True" result="Success" executed="True" />
              <test-case description="Should pass PSUseCorrectCasing" name="File build.ps1 should not produce any PSScriptAnalyzer warnings.Should pass PSUseCorrectCasing" time="0.0008" asserts="0" success="True" result="Success" executed="True" />
              <test-case description="Should pass PSUseDeclaredVarsMoreThanAssignments" name="File build.ps1 should not produce any PSScriptAnalyzer warnings.Should pass PSUseDeclaredVarsMoreThanAssignments" time="0.0006" asserts="0" success="True" result="Success" executed="True" />
              <test-case description="Should pass PSUseLiteralInitializerForHashtable" name="File build.ps1 should not produce any PSScriptAnalyzer warnings.Should pass PSUseLiteralInitializerForHashtable" time="0.0028" asserts="0" success="True" result="Success" executed="True" />
              <test-case description="Should pass PSUseOutputTypeCorrectly" name="File build.ps1 should not produce any PSScriptAnalyzer warnings.Should pass PSUseOutputTypeCorrectly" time="0.0006" asserts="0" success="True" result="Success" executed="True" />
              <test-case description="Should pass PSUsePSCredentialType" name="File build.ps1 should not produce any PSScriptAnalyzer warnings.Should pass PSUsePSCredentialType" time="0.0006" asserts="0" success="True" result="Success" executed="True" />
              <test-case description="Should pass PSShouldProcess" name="File build.ps1 should not produce any PSScriptAnalyzer warnings.Should pass PSShouldProcess" time="0.0006" asserts="0" success="True" result="Success" executed="True" />
              <test-case description="Should pass PSUseShouldProcessForStateChangingFunctions" name="File build.ps1 should not produce any PSScriptAnalyzer warnings.Should pass PSUseShouldProcessForStateChangingFunctions" time="0.0008" asserts="0" success="True" result="Success" executed="True" />
              <test-case description="Should pass PSUseSingularNouns" name="File build.ps1 should not produce any PSScriptAnalyzer warnings.Should pass PSUseSingularNouns" time="0.0006" asserts="0" success="True" result="Success" executed="True" />
              <test-case description="Should pass PSUseSupportsShouldProcess" name="File build.ps1 should not produce any PSScriptAnalyzer warnings.Should pass PSUseSupportsShouldProcess" time="0.0007" asserts="0" success="True" result="Success" executed="True" />
              <test-case description="Should pass PSUseToExportFieldsInManifest" name="File build.ps1 should not produce any PSScriptAnalyzer warnings.Should pass PSUseToExportFieldsInManifest" time="0.0008" asserts="0" success="True" result="Success" executed="True" />
              <test-case description="Should pass PSUseUTF8EncodingForHelpFile" name="File build.ps1 should not produce any PSScriptAnalyzer warnings.Should pass PSUseUTF8EncodingForHelpFile" time="0.0023" asserts="0" success="True" result="Success" executed="True" />
              <test-case description="Should pass PSDSCDscExamplesPresent" name="File build.ps1 should not produce any PSScriptAnalyzer warnings.Should pass PSDSCDscExamplesPresent" time="0.0008" asserts="0" success="True" result="Success" executed="True" />
              <test-case description="Should pass PSDSCDscTestsPresent" name="File build.ps1 should not produce any PSScriptAnalyzer warnings.Should pass PSDSCDscTestsPresent" time="0.0006" asserts="0" success="True" result="Success" executed="True" />
              <test-case description="Should pass PSDSCReturnCorrectTypesForDSCFunctions" name="File build.ps1 should not produce any PSScriptAnalyzer warnings.Should pass PSDSCReturnCorrectTypesForDSCFunctions" time="0.0008" asserts="0" success="True" result="Success" executed="True" />
              <test-case description="Should pass PSDSCUseIdenticalMandatoryParametersForDSC" name="File build.ps1 should not produce any PSScriptAnalyzer warnings.Should pass PSDSCUseIdenticalMandatoryParametersForDSC" time="0.0006" asserts="0" success="True" result="Success" executed="True" />
              <test-case description="Should pass PSDSCUseIdenticalParametersForDSC" name="File build.ps1 should not produce any PSScriptAnalyzer warnings.Should pass PSDSCUseIdenticalParametersForDSC" time="0.0006" asserts="0" success="True" result="Success" executed="True" />
              <test-case description="Should pass PSDSCStandardDSCFunctionsInResource" name="File build.ps1 should not produce any PSScriptAnalyzer warnings.Should pass PSDSCStandardDSCFunctionsInResource" time="0.0006" asserts="0" success="True" result="Success" executed="True" />
              <test-case description="Should pass PSDSCUseVerboseMessageInDSCResource" name="File build.ps1 should not produce any PSScriptAnalyzer warnings.Should pass PSDSCUseVerboseMessageInDSCResource" time="0.0006" asserts="0" success="True" result="Success" executed="True" />
            </results>
          </test-suite>
          <test-suite type="TestFixture" name="File install.ps1 should not produce any PSScriptAnalyzer warnings" executed="True" result="Success" success="True" time="0.5794" asserts="0" description="File install.ps1 should not produce any PSScriptAnalyzer warnings">
            <results>
              <test-case description="Should pass PSAlignAssignmentStatement" name="File install.ps1 should not produce any PSScriptAnalyzer warnings.Should pass PSAlignAssignmentStatement" time="0.0008" asserts="0" success="True" result="Success" executed="True" />
              <test-case description="Should pass PSAvoidUsingCmdletAliases" name="File install.ps1 should not produce any PSScriptAnalyzer warnings.Should pass PSAvoidUsingCmdletAliases" time="0.0006" asserts="0" success="True" result="Success" executed="True" />
              <test-case description="Should pass PSAvoidAssignmentToAutomaticVariable" name="File install.ps1 should not produce any PSScriptAnalyzer warnings.Should pass PSAvoidAssignmentToAutomaticVariable" time="0.0005" asserts="0" success="True" result="Success" executed="True" />
              <test-case description="Should pass PSAvoidDefaultValueSwitchParameter" name="File install.ps1 should not produce any PSScriptAnalyzer warnings.Should pass PSAvoidDefaultValueSwitchParameter" time="0.0008" asserts="0" success="True" result="Success" executed="True" />
              <test-case description="Should pass PSAvoidDefaultValueForMandatoryParameter" name="File install.ps1 should not produce any PSScriptAnalyzer warnings.Should pass PSAvoidDefaultValueForMandatoryParameter" time="0.0005" asserts="0" success="True" result="Success" executed="True" />
              <test-case description="Should pass PSAvoidUsingEmptyCatchBlock" name="File install.ps1 should not produce any PSScriptAnalyzer warnings.Should pass PSAvoidUsingEmptyCatchBlock" time="0.0008" asserts="0" success="True" result="Success" executed="True" />
              <test-case description="Should pass PSAvoidGlobalAliases" name="File install.ps1 should not produce any PSScriptAnalyzer warnings.Should pass PSAvoidGlobalAliases" time="0.0006" asserts="0" success="True" result="Success" executed="True" />
              <test-case description="Should pass PSAvoidGlobalFunctions" name="File install.ps1 should not produce any PSScriptAnalyzer warnings.Should pass PSAvoidGlobalFunctions" time="0.0005" asserts="0" success="True" result="Success" executed="True" />
              <test-case description="Should pass PSAvoidGlobalVars" name="File install.ps1 should not produce any PSScriptAnalyzer warnings.Should pass PSAvoidGlobalVars" time="0.0007" asserts="0" success="True" result="Success" executed="True" />
              <test-case description="Should pass PSAvoidInvokingEmptyMembers" name="File install.ps1 should not produce any PSScriptAnalyzer warnings.Should pass PSAvoidInvokingEmptyMembers" time="0.0006" asserts="0" success="True" result="Success" executed="True" />
              <test-case description="Should pass PSAvoidNullOrEmptyHelpMessageAttribute" name="File install.ps1 should not produce any PSScriptAnalyzer warnings.Should pass PSAvoidNullOrEmptyHelpMessageAttribute" time="0.0006" asserts="0" success="True" result="Success" executed="True" />
              <test-case description="Should pass PSAvoidUsingPositionalParameters" name="File install.ps1 should not produce any PSScriptAnalyzer warnings.Should pass PSAvoidUsingPositionalParameters" time="0.0005" asserts="0" success="True" result="Success" executed="True" />
              <test-case description="Should pass PSReservedCmdletChar" name="File install.ps1 should not produce any PSScriptAnalyzer warnings.Should pass PSReservedCmdletChar" time="0.0006" asserts="0" success="True" result="Success" executed="True" />
              <test-case description="Should pass PSReservedParams" name="File install.ps1 should not produce any PSScriptAnalyzer warnings.Should pass PSReservedParams" time="0.0006" asserts="0" success="True" result="Success" executed="True" />
              <test-case description="Should pass PSAvoidShouldContinueWithoutForce" name="File install.ps1 should not produce any PSScriptAnalyzer warnings.Should pass PSAvoidShouldContinueWithoutForce" time="0.0006" asserts="0" success="True" result="Success" executed="True" />
              <test-case description="Should pass PSAvoidTrailingWhitespace" name="File install.ps1 should not produce any PSScriptAnalyzer warnings.Should pass PSAvoidTrailingWhitespace" time="0.0006" asserts="0" success="True" result="Success" executed="True" />
              <test-case description="Should pass PSAvoidUsingUsernameAndPasswordParams" name="File install.ps1 should not produce any PSScriptAnalyzer warnings.Should pass PSAvoidUsingUsernameAndPasswordParams" time="0.0009" asserts="0" success="True" result="Success" executed="True" />
              <test-case description="Should pass PSAvoidUsingComputerNameHardcoded" name="File install.ps1 should not produce any PSScriptAnalyzer warnings.Should pass PSAvoidUsingComputerNameHardcoded" time="0.0006" asserts="0" success="True" result="Success" executed="True" />
              <test-case description="Should pass PSAvoidUsingConvertToSecureStringWithPlainText" name="File install.ps1 should not produce any PSScriptAnalyzer warnings.Should pass PSAvoidUsingConvertToSecureStringWithPlainText" time="0.0006" asserts="0" success="True" result="Success" executed="True" />
              <test-case description="Should pass PSAvoidUsingDeprecatedManifestFields" name="File install.ps1 should not produce any PSScriptAnalyzer warnings.Should pass PSAvoidUsingDeprecatedManifestFields" time="0.0005" asserts="0" success="True" result="Success" executed="True" />
              <test-case description="Should pass PSAvoidUsingInvokeExpression" name="File install.ps1 should not produce any PSScriptAnalyzer warnings.Should pass PSAvoidUsingInvokeExpression" time="0.0005" asserts="0" success="True" result="Success" executed="True" />
              <test-case description="Should pass PSAvoidUsingPlainTextForPassword" name="File install.ps1 should not produce any PSScriptAnalyzer warnings.Should pass PSAvoidUsingPlainTextForPassword" time="0.0007" asserts="0" success="True" result="Success" executed="True" />
              <test-case description="Should pass PSAvoidUsingWMICmdlet" name="File install.ps1 should not produce any PSScriptAnalyzer warnings.Should pass PSAvoidUsingWMICmdlet" time="0.0005" asserts="0" success="True" result="Success" executed="True" />
              <test-case description="Should pass PSAvoidUsingWriteHost" name="File install.ps1 should not produce any PSScriptAnalyzer warnings.Should pass PSAvoidUsingWriteHost" time="0.0006" asserts="0" success="True" result="Success" executed="True" />
              <test-case description="Should pass PSUseCompatibleCommands" name="File install.ps1 should not produce any PSScriptAnalyzer warnings.Should pass PSUseCompatibleCommands" time="0.0006" asserts="0" success="True" result="Success" executed="True" />
              <test-case description="Should pass PSUseCompatibleSyntax" name="File install.ps1 should not produce any PSScriptAnalyzer warnings.Should pass PSUseCompatibleSyntax" time="0.0006" asserts="0" success="True" result="Success" executed="True" />
              <test-case description="Should pass PSUseCompatibleTypes" name="File install.ps1 should not produce any PSScriptAnalyzer warnings.Should pass PSUseCompatibleTypes" time="0.0005" asserts="0" success="True" result="Success" executed="True" />
              <test-case description="Should pass PSMisleadingBacktick" name="File install.ps1 should not produce any PSScriptAnalyzer warnings.Should pass PSMisleadingBacktick" time="0.0006" asserts="0" success="True" result="Success" executed="True" />
              <test-case description="Should pass PSMissingModuleManifestField" name="File install.ps1 should not produce any PSScriptAnalyzer warnings.Should pass PSMissingModuleManifestField" time="0.0005" asserts="0" success="True" result="Success" executed="True" />
              <test-case description="Should pass PSPlaceCloseBrace" name="File install.ps1 should not produce any PSScriptAnalyzer warnings.Should pass PSPlaceCloseBrace" time="0.0006" asserts="0" success="True" result="Success" executed="True" />
              <test-case description="Should pass PSPlaceOpenBrace" name="File install.ps1 should not produce any PSScriptAnalyzer warnings.Should pass PSPlaceOpenBrace" time="0.0006" asserts="0" success="True" result="Success" executed="True" />
              <test-case description="Should pass PSPossibleIncorrectComparisonWithNull" name="File install.ps1 should not produce any PSScriptAnalyzer warnings.Should pass PSPossibleIncorrectComparisonWithNull" time="0.0006" asserts="0" success="True" result="Success" executed="True" />
              <test-case description="Should pass PSPossibleIncorrectUsageOfAssignmentOperator" name="File install.ps1 should not produce any PSScriptAnalyzer warnings.Should pass PSPossibleIncorrectUsageOfAssignmentOperator" time="0.0005" asserts="0" success="True" result="Success" executed="True" />
              <test-case description="Should pass PSPossibleIncorrectUsageOfRedirectionOperator" name="File install.ps1 should not produce any PSScriptAnalyzer warnings.Should pass PSPossibleIncorrectUsageOfRedirectionOperator" time="0.001" asserts="0" success="True" result="Success" executed="True" />
              <test-case description="Should pass PSProvideCommentHelp" name="File install.ps1 should not produce any PSScriptAnalyzer warnings.Should pass PSProvideCommentHelp" time="0.0006" asserts="0" success="True" result="Success" executed="True" />
              <test-case description="Should pass PSUseApprovedVerbs" name="File install.ps1 should not produce any PSScriptAnalyzer warnings.Should pass PSUseApprovedVerbs" time="0.0006" asserts="0" success="True" result="Success" executed="True" />
              <test-case description="Should pass PSUseBOMForUnicodeEncodedFile" name="File install.ps1 should not produce any PSScriptAnalyzer warnings.Should pass PSUseBOMForUnicodeEncodedFile" time="0.0006" asserts="0" success="True" result="Success" executed="True" />
              <test-case description="Should pass PSUseCmdletCorrectly" name="File install.ps1 should not produce any PSScriptAnalyzer warnings.Should pass PSUseCmdletCorrectly" time="0.001" asserts="0" success="True" result="Success" executed="True" />
              <test-case description="Should pass PSUseCompatibleCmdlets" name="File install.ps1 should not produce any PSScriptAnalyzer warnings.Should pass PSUseCompatibleCmdlets" time="0.0006" asserts="0" success="True" result="Success" executed="True" />
              <test-case description="Should pass PSUseConsistentIndentation" name="File install.ps1 should not produce any PSScriptAnalyzer warnings.Should pass PSUseConsistentIndentation" time="0.0006" asserts="0" success="True" result="Success" executed="True" />
              <test-case description="Should pass PSUseConsistentWhitespace" name="File install.ps1 should not produce any PSScriptAnalyzer warnings.Should pass PSUseConsistentWhitespace" time="0.0005" asserts="0" success="True" result="Success" executed="True" />
              <test-case description="Should pass PSUseCorrectCasing" name="File install.ps1 should not produce any PSScriptAnalyzer warnings.Should pass PSUseCorrectCasing" time="0.0006" asserts="0" success="True" result="Success" executed="True" />
              <test-case description="Should pass PSUseDeclaredVarsMoreThanAssignments" name="File install.ps1 should not produce any PSScriptAnalyzer warnings.Should pass PSUseDeclaredVarsMoreThanAssignments" time="0.0006" asserts="0" success="True" result="Success" executed="True" />
              <test-case description="Should pass PSUseLiteralInitializerForHashtable" name="File install.ps1 should not produce any PSScriptAnalyzer warnings.Should pass PSUseLiteralInitializerForHashtable" time="0.0006" asserts="0" success="True" result="Success" executed="True" />
              <test-case description="Should pass PSUseOutputTypeCorrectly" name="File install.ps1 should not produce any PSScriptAnalyzer warnings.Should pass PSUseOutputTypeCorrectly" time="0.0005" asserts="0" success="True" result="Success" executed="True" />
              <test-case description="Should pass PSUsePSCredentialType" name="File install.ps1 should not produce any PSScriptAnalyzer warnings.Should pass PSUsePSCredentialType" time="0.0005" asserts="0" success="True" result="Success" executed="True" />
              <test-case description="Should pass PSShouldProcess" name="File install.ps1 should not produce any PSScriptAnalyzer warnings.Should pass PSShouldProcess" time="0.0005" asserts="0" success="True" result="Success" executed="True" />
              <test-case description="Should pass PSUseShouldProcessForStateChangingFunctions" name="File install.ps1 should not produce any PSScriptAnalyzer warnings.Should pass PSUseShouldProcessForStateChangingFunctions" time="0.0007" asserts="0" success="True" result="Success" executed="True" />
              <test-case description="Should pass PSUseSingularNouns" name="File install.ps1 should not produce any PSScriptAnalyzer warnings.Should pass PSUseSingularNouns" time="0.0005" asserts="0" success="True" result="Success" executed="True" />
              <test-case description="Should pass PSUseSupportsShouldProcess" name="File install.ps1 should not produce any PSScriptAnalyzer warnings.Should pass PSUseSupportsShouldProcess" time="0.0005" asserts="0" success="True" result="Success" executed="True" />
              <test-case description="Should pass PSUseToExportFieldsInManifest" name="File install.ps1 should not produce any PSScriptAnalyzer warnings.Should pass PSUseToExportFieldsInManifest" time="0.0005" asserts="0" success="True" result="Success" executed="True" />
              <test-case description="Should pass PSUseUTF8EncodingForHelpFile" name="File install.ps1 should not produce any PSScriptAnalyzer warnings.Should pass PSUseUTF8EncodingForHelpFile" time="0.0006" asserts="0" success="True" result="Success" executed="True" />
              <test-case description="Should pass PSDSCDscExamplesPresent" name="File install.ps1 should not produce any PSScriptAnalyzer warnings.Should pass PSDSCDscExamplesPresent" time="0.0005" asserts="0" success="True" result="Success" executed="True" />
              <test-case description="Should pass PSDSCDscTestsPresent" name="File install.ps1 should not produce any PSScriptAnalyzer warnings.Should pass PSDSCDscTestsPresent" time="0.0005" asserts="0" success="True" result="Success" executed="True" />
              <test-case description="Should pass PSDSCReturnCorrectTypesForDSCFunctions" name="File install.ps1 should not produce any PSScriptAnalyzer warnings.Should pass PSDSCReturnCorrectTypesForDSCFunctions" time="0.0008" asserts="0" success="True" result="Success" executed="True" />
              <test-case description="Should pass PSDSCUseIdenticalMandatoryParametersForDSC" name="File install.ps1 should not produce any PSScriptAnalyzer warnings.Should pass PSDSCUseIdenticalMandatoryParametersForDSC" time="0.0006" asserts="0" success="True" result="Success" executed="True" />
              <test-case description="Should pass PSDSCUseIdenticalParametersForDSC" name="File install.ps1 should not produce any PSScriptAnalyzer warnings.Should pass PSDSCUseIdenticalParametersForDSC" time="0.0008" asserts="0" success="True" result="Success" executed="True" />
              <test-case description="Should pass PSDSCStandardDSCFunctionsInResource" name="File install.ps1 should not produce any PSScriptAnalyzer warnings.Should pass PSDSCStandardDSCFunctionsInResource" time="0.0008" asserts="0" success="True" result="Success" executed="True" />
              <test-case description="Should pass PSDSCUseVerboseMessageInDSCResource" name="File install.ps1 should not produce any PSScriptAnalyzer warnings.Should pass PSDSCUseVerboseMessageInDSCResource" time="0.0008" asserts="0" success="True" result="Success" executed="True" />
            </results>
          </test-suite>
          <test-suite type="TestFixture" name="File HyperVBackup.psd1 should not produce any PSScriptAnalyzer warnings" executed="True" result="Success" success="True" time="0.6665" asserts="0" description="File HyperVBackup.psd1 should not produce any PSScriptAnalyzer warnings">
            <results>
              <test-case description="Should pass PSAlignAssignmentStatement" name="File HyperVBackup.psd1 should not produce any PSScriptAnalyzer warnings.Should pass PSAlignAssignmentStatement" time="0.0006" asserts="0" success="True" result="Success" executed="True" />
              <test-case description="Should pass PSAvoidUsingCmdletAliases" name="File HyperVBackup.psd1 should not produce any PSScriptAnalyzer warnings.Should pass PSAvoidUsingCmdletAliases" time="0.0007" asserts="0" success="True" result="Success" executed="True" />
              <test-case description="Should pass PSAvoidAssignmentToAutomaticVariable" name="File HyperVBackup.psd1 should not produce any PSScriptAnalyzer warnings.Should pass PSAvoidAssignmentToAutomaticVariable" time="0.0005" asserts="0" success="True" result="Success" executed="True" />
              <test-case description="Should pass PSAvoidDefaultValueSwitchParameter" name="File HyperVBackup.psd1 should not produce any PSScriptAnalyzer warnings.Should pass PSAvoidDefaultValueSwitchParameter" time="0.0006" asserts="0" success="True" result="Success" executed="True" />
              <test-case description="Should pass PSAvoidDefaultValueForMandatoryParameter" name="File HyperVBackup.psd1 should not produce any PSScriptAnalyzer warnings.Should pass PSAvoidDefaultValueForMandatoryParameter" time="0.0005" asserts="0" success="True" result="Success" executed="True" />
              <test-case description="Should pass PSAvoidUsingEmptyCatchBlock" name="File HyperVBackup.psd1 should not produce any PSScriptAnalyzer warnings.Should pass PSAvoidUsingEmptyCatchBlock" time="0.0006" asserts="0" success="True" result="Success" executed="True" />
              <test-case description="Should pass PSAvoidGlobalAliases" name="File HyperVBackup.psd1 should not produce any PSScriptAnalyzer warnings.Should pass PSAvoidGlobalAliases" time="0.0007" asserts="0" success="True" result="Success" executed="True" />
              <test-case description="Should pass PSAvoidGlobalFunctions" name="File HyperVBackup.psd1 should not produce any PSScriptAnalyzer warnings.Should pass PSAvoidGlobalFunctions" time="0.0006" asserts="0" success="True" result="Success" executed="True" />
              <test-case description="Should pass PSAvoidGlobalVars" name="File HyperVBackup.psd1 should not produce any PSScriptAnalyzer warnings.Should pass PSAvoidGlobalVars" time="0.0006" asserts="0" success="True" result="Success" executed="True" />
              <test-case description="Should pass PSAvoidInvokingEmptyMembers" name="File HyperVBackup.psd1 should not produce any PSScriptAnalyzer warnings.Should pass PSAvoidInvokingEmptyMembers" time="0.0006" asserts="0" success="True" result="Success" executed="True" />
              <test-case description="Should pass PSAvoidNullOrEmptyHelpMessageAttribute" name="File HyperVBackup.psd1 should not produce any PSScriptAnalyzer warnings.Should pass PSAvoidNullOrEmptyHelpMessageAttribute" time="0.0006" asserts="0" success="True" result="Success" executed="True" />
              <test-case description="Should pass PSAvoidUsingPositionalParameters" name="File HyperVBackup.psd1 should not produce any PSScriptAnalyzer warnings.Should pass PSAvoidUsingPositionalParameters" time="0.0006" asserts="0" success="True" result="Success" executed="True" />
              <test-case description="Should pass PSReservedCmdletChar" name="File HyperVBackup.psd1 should not produce any PSScriptAnalyzer warnings.Should pass PSReservedCmdletChar" time="0.0005" asserts="0" success="True" result="Success" executed="True" />
              <test-case description="Should pass PSReservedParams" name="File HyperVBackup.psd1 should not produce any PSScriptAnalyzer warnings.Should pass PSReservedParams" time="0.0008" asserts="0" success="True" result="Success" executed="True" />
              <test-case description="Should pass PSAvoidShouldContinueWithoutForce" name="File HyperVBackup.psd1 should not produce any PSScriptAnalyzer warnings.Should pass PSAvoidShouldContinueWithoutForce" time="0.0006" asserts="0" success="True" result="Success" executed="True" />
              <test-case description="Should pass PSAvoidTrailingWhitespace" name="File HyperVBackup.psd1 should not produce any PSScriptAnalyzer warnings.Should pass PSAvoidTrailingWhitespace" time="0.0005" asserts="0" success="True" result="Success" executed="True" />
              <test-case description="Should pass PSAvoidUsingUsernameAndPasswordParams" name="File HyperVBackup.psd1 should not produce any PSScriptAnalyzer warnings.Should pass PSAvoidUsingUsernameAndPasswordParams" time="0.0008" asserts="0" success="True" result="Success" executed="True" />
              <test-case description="Should pass PSAvoidUsingComputerNameHardcoded" name="File HyperVBackup.psd1 should not produce any PSScriptAnalyzer warnings.Should pass PSAvoidUsingComputerNameHardcoded" time="0.0006" asserts="0" success="True" result="Success" executed="True" />
              <test-case description="Should pass PSAvoidUsingConvertToSecureStringWithPlainText" name="File HyperVBackup.psd1 should not produce any PSScriptAnalyzer warnings.Should pass PSAvoidUsingConvertToSecureStringWithPlainText" time="0.0005" asserts="0" success="True" result="Success" executed="True" />
              <test-case description="Should pass PSAvoidUsingDeprecatedManifestFields" name="File HyperVBackup.psd1 should not produce any PSScriptAnalyzer warnings.Should pass PSAvoidUsingDeprecatedManifestFields" time="0.0005" asserts="0" success="True" result="Success" executed="True" />
              <test-case description="Should pass PSAvoidUsingInvokeExpression" name="File HyperVBackup.psd1 should not produce any PSScriptAnalyzer warnings.Should pass PSAvoidUsingInvokeExpression" time="0.0005" asserts="0" success="True" result="Success" executed="True" />
              <test-case description="Should pass PSAvoidUsingPlainTextForPassword" name="File HyperVBackup.psd1 should not produce any PSScriptAnalyzer warnings.Should pass PSAvoidUsingPlainTextForPassword" time="0.0005" asserts="0" success="True" result="Success" executed="True" />
              <test-case description="Should pass PSAvoidUsingWMICmdlet" name="File HyperVBackup.psd1 should not produce any PSScriptAnalyzer warnings.Should pass PSAvoidUsingWMICmdlet" time="0.0005" asserts="0" success="True" result="Success" executed="True" />
              <test-case description="Should pass PSAvoidUsingWriteHost" name="File HyperVBackup.psd1 should not produce any PSScriptAnalyzer warnings.Should pass PSAvoidUsingWriteHost" time="0.0014" asserts="0" success="True" result="Success" executed="True" />
              <test-case description="Should pass PSUseCompatibleCommands" name="File HyperVBackup.psd1 should not produce any PSScriptAnalyzer warnings.Should pass PSUseCompatibleCommands" time="0.0008" asserts="0" success="True" result="Success" executed="True" />
              <test-case description="Should pass PSUseCompatibleSyntax" name="File HyperVBackup.psd1 should not produce any PSScriptAnalyzer warnings.Should pass PSUseCompatibleSyntax" time="0.0008" asserts="0" success="True" result="Success" executed="True" />
              <test-case description="Should pass PSUseCompatibleTypes" name="File HyperVBackup.psd1 should not produce any PSScriptAnalyzer warnings.Should pass PSUseCompatibleTypes" time="0.0007" asserts="0" success="True" result="Success" executed="True" />
              <test-case description="Should pass PSMisleadingBacktick" name="File HyperVBackup.psd1 should not produce any PSScriptAnalyzer warnings.Should pass PSMisleadingBacktick" time="0.0014" asserts="0" success="True" result="Success" executed="True" />
              <test-case description="Should pass PSMissingModuleManifestField" name="File HyperVBackup.psd1 should not produce any PSScriptAnalyzer warnings.Should pass PSMissingModuleManifestField" time="0.0007" asserts="0" success="True" result="Success" executed="True" />
              <test-case description="Should pass PSPlaceCloseBrace" name="File HyperVBackup.psd1 should not produce any PSScriptAnalyzer warnings.Should pass PSPlaceCloseBrace" time="0.0007" asserts="0" success="True" result="Success" executed="True" />
              <test-case description="Should pass PSPlaceOpenBrace" name="File HyperVBackup.psd1 should not produce any PSScriptAnalyzer warnings.Should pass PSPlaceOpenBrace" time="0.0005" asserts="0" success="True" result="Success" executed="True" />
              <test-case description="Should pass PSPossibleIncorrectComparisonWithNull" name="File HyperVBackup.psd1 should not produce any PSScriptAnalyzer warnings.Should pass PSPossibleIncorrectComparisonWithNull" time="0.0006" asserts="0" success="True" result="Success" executed="True" />
              <test-case description="Should pass PSPossibleIncorrectUsageOfAssignmentOperator" name="File HyperVBackup.psd1 should not produce any PSScriptAnalyzer warnings.Should pass PSPossibleIncorrectUsageOfAssignmentOperator" time="0.0006" asserts="0" success="True" result="Success" executed="True" />
              <test-case description="Should pass PSPossibleIncorrectUsageOfRedirectionOperator" name="File HyperVBackup.psd1 should not produce any PSScriptAnalyzer warnings.Should pass PSPossibleIncorrectUsageOfRedirectionOperator" time="0.0005" asserts="0" success="True" result="Success" executed="True" />
              <test-case description="Should pass PSProvideCommentHelp" name="File HyperVBackup.psd1 should not produce any PSScriptAnalyzer warnings.Should pass PSProvideCommentHelp" time="0.0006" asserts="0" success="True" result="Success" executed="True" />
              <test-case description="Should pass PSUseApprovedVerbs" name="File HyperVBackup.psd1 should not produce any PSScriptAnalyzer warnings.Should pass PSUseApprovedVerbs" time="0.0005" asserts="0" success="True" result="Success" executed="True" />
              <test-case description="Should pass PSUseBOMForUnicodeEncodedFile" name="File HyperVBackup.psd1 should not produce any PSScriptAnalyzer warnings.Should pass PSUseBOMForUnicodeEncodedFile" time="0.0005" asserts="0" success="True" result="Success" executed="True" />
              <test-case description="Should pass PSUseCmdletCorrectly" name="File HyperVBackup.psd1 should not produce any PSScriptAnalyzer warnings.Should pass PSUseCmdletCorrectly" time="0.0005" asserts="0" success="True" result="Success" executed="True" />
              <test-case description="Should pass PSUseCompatibleCmdlets" name="File HyperVBackup.psd1 should not produce any PSScriptAnalyzer warnings.Should pass PSUseCompatibleCmdlets" time="0.0005" asserts="0" success="True" result="Success" executed="True" />
              <test-case description="Should pass PSUseConsistentIndentation" name="File HyperVBackup.psd1 should not produce any PSScriptAnalyzer warnings.Should pass PSUseConsistentIndentation" time="0.0005" asserts="0" success="True" result="Success" executed="True" />
              <test-case description="Should pass PSUseConsistentWhitespace" name="File HyperVBackup.psd1 should not produce any PSScriptAnalyzer warnings.Should pass PSUseConsistentWhitespace" time="0.0006" asserts="0" success="True" result="Success" executed="True" />
              <test-case description="Should pass PSUseCorrectCasing" name="File HyperVBackup.psd1 should not produce any PSScriptAnalyzer warnings.Should pass PSUseCorrectCasing" time="0.0006" asserts="0" success="True" result="Success" executed="True" />
              <test-case description="Should pass PSUseDeclaredVarsMoreThanAssignments" name="File HyperVBackup.psd1 should not produce any PSScriptAnalyzer warnings.Should pass PSUseDeclaredVarsMoreThanAssignments" time="0.0005" asserts="0" success="True" result="Success" executed="True" />
              <test-case description="Should pass PSUseLiteralInitializerForHashtable" name="File HyperVBackup.psd1 should not produce any PSScriptAnalyzer warnings.Should pass PSUseLiteralInitializerForHashtable" time="0.0006" asserts="0" success="True" result="Success" executed="True" />
              <test-case description="Should pass PSUseOutputTypeCorrectly" name="File HyperVBackup.psd1 should not produce any PSScriptAnalyzer warnings.Should pass PSUseOutputTypeCorrectly" time="0.0006" asserts="0" success="True" result="Success" executed="True" />
              <test-case description="Should pass PSUsePSCredentialType" name="File HyperVBackup.psd1 should not produce any PSScriptAnalyzer warnings.Should pass PSUsePSCredentialType" time="0.0005" asserts="0" success="True" result="Success" executed="True" />
              <test-case description="Should pass PSShouldProcess" name="File HyperVBackup.psd1 should not produce any PSScriptAnalyzer warnings.Should pass PSShouldProcess" time="0.0005" asserts="0" success="True" result="Success" executed="True" />
              <test-case description="Should pass PSUseShouldProcessForStateChangingFunctions" name="File HyperVBackup.psd1 should not produce any PSScriptAnalyzer warnings.Should pass PSUseShouldProcessForStateChangingFunctions" time="0.0006" asserts="0" success="True" result="Success" executed="True" />
              <test-case description="Should pass PSUseSingularNouns" name="File HyperVBackup.psd1 should not produce any PSScriptAnalyzer warnings.Should pass PSUseSingularNouns" time="0.0005" asserts="0" success="True" result="Success" executed="True" />
              <test-case description="Should pass PSUseSupportsShouldProcess" name="File HyperVBackup.psd1 should not produce any PSScriptAnalyzer warnings.Should pass PSUseSupportsShouldProcess" time="0.0005" asserts="0" success="True" result="Success" executed="True" />
              <test-case description="Should pass PSUseToExportFieldsInManifest" name="File HyperVBackup.psd1 should not produce any PSScriptAnalyzer warnings.Should pass PSUseToExportFieldsInManifest" time="0.0006" asserts="0" success="True" result="Success" executed="True" />
              <test-case description="Should pass PSUseUTF8EncodingForHelpFile" name="File HyperVBackup.psd1 should not produce any PSScriptAnalyzer warnings.Should pass PSUseUTF8EncodingForHelpFile" time="0.0006" asserts="0" success="True" result="Success" executed="True" />
              <test-case description="Should pass PSDSCDscExamplesPresent" name="File HyperVBackup.psd1 should not produce any PSScriptAnalyzer warnings.Should pass PSDSCDscExamplesPresent" time="0.0005" asserts="0" success="True" result="Success" executed="True" />
              <test-case description="Should pass PSDSCDscTestsPresent" name="File HyperVBackup.psd1 should not produce any PSScriptAnalyzer warnings.Should pass PSDSCDscTestsPresent" time="0.0006" asserts="0" success="True" result="Success" executed="True" />
              <test-case description="Should pass PSDSCReturnCorrectTypesForDSCFunctions" name="File HyperVBackup.psd1 should not produce any PSScriptAnalyzer warnings.Should pass PSDSCReturnCorrectTypesForDSCFunctions" time="0.0006" asserts="0" success="True" result="Success" executed="True" />
              <test-case description="Should pass PSDSCUseIdenticalMandatoryParametersForDSC" name="File HyperVBackup.psd1 should not produce any PSScriptAnalyzer warnings.Should pass PSDSCUseIdenticalMandatoryParametersForDSC" time="0.0005" asserts="0" success="True" result="Success" executed="True" />
              <test-case description="Should pass PSDSCUseIdenticalParametersForDSC" name="File HyperVBackup.psd1 should not produce any PSScriptAnalyzer warnings.Should pass PSDSCUseIdenticalParametersForDSC" time="0.0005" asserts="0" success="True" result="Success" executed="True" />
              <test-case description="Should pass PSDSCStandardDSCFunctionsInResource" name="File HyperVBackup.psd1 should not produce any PSScriptAnalyzer warnings.Should pass PSDSCStandardDSCFunctionsInResource" time="0.0008" asserts="0" success="True" result="Success" executed="True" />
              <test-case description="Should pass PSDSCUseVerboseMessageInDSCResource" name="File HyperVBackup.psd1 should not produce any PSScriptAnalyzer warnings.Should pass PSDSCUseVerboseMessageInDSCResource" time="0.001" asserts="0" success="True" result="Success" executed="True" />
            </results>
          </test-suite>
          <test-suite type="TestFixture" name="File HyperVBackup.psm1 should not produce any PSScriptAnalyzer warnings" executed="True" result="Success" success="True" time="0.4175" asserts="0" description="File HyperVBackup.psm1 should not produce any PSScriptAnalyzer warnings">
            <results>
              <test-case description="Should pass PSAlignAssignmentStatement" name="File HyperVBackup.psm1 should not produce any PSScriptAnalyzer warnings.Should pass PSAlignAssignmentStatement" time="0.0006" asserts="0" success="True" result="Success" executed="True" />
              <test-case description="Should pass PSAvoidUsingCmdletAliases" name="File HyperVBackup.psm1 should not produce any PSScriptAnalyzer warnings.Should pass PSAvoidUsingCmdletAliases" time="0.0006" asserts="0" success="True" result="Success" executed="True" />
              <test-case description="Should pass PSAvoidAssignmentToAutomaticVariable" name="File HyperVBackup.psm1 should not produce any PSScriptAnalyzer warnings.Should pass PSAvoidAssignmentToAutomaticVariable" time="0.0006" asserts="0" success="True" result="Success" executed="True" />
              <test-case description="Should pass PSAvoidDefaultValueSwitchParameter" name="File HyperVBackup.psm1 should not produce any PSScriptAnalyzer warnings.Should pass PSAvoidDefaultValueSwitchParameter" time="0.0006" asserts="0" success="True" result="Success" executed="True" />
              <test-case description="Should pass PSAvoidDefaultValueForMandatoryParameter" name="File HyperVBackup.psm1 should not produce any PSScriptAnalyzer warnings.Should pass PSAvoidDefaultValueForMandatoryParameter" time="0.0006" asserts="0" success="True" result="Success" executed="True" />
              <test-case description="Should pass PSAvoidUsingEmptyCatchBlock" name="File HyperVBackup.psm1 should not produce any PSScriptAnalyzer warnings.Should pass PSAvoidUsingEmptyCatchBlock" time="0.0006" asserts="0" success="True" result="Success" executed="True" />
              <test-case description="Should pass PSAvoidGlobalAliases" name="File HyperVBackup.psm1 should not produce any PSScriptAnalyzer warnings.Should pass PSAvoidGlobalAliases" time="0.0007" asserts="0" success="True" result="Success" executed="True" />
              <test-case description="Should pass PSAvoidGlobalFunctions" name="File HyperVBackup.psm1 should not produce any PSScriptAnalyzer warnings.Should pass PSAvoidGlobalFunctions" time="0.0005" asserts="0" success="True" result="Success" executed="True" />
              <test-case description="Should pass PSAvoidGlobalVars" name="File HyperVBackup.psm1 should not produce any PSScriptAnalyzer warnings.Should pass PSAvoidGlobalVars" time="0.0019" asserts="0" success="True" result="Success" executed="True" />
              <test-case description="Should pass PSAvoidInvokingEmptyMembers" name="File HyperVBackup.psm1 should not produce any PSScriptAnalyzer warnings.Should pass PSAvoidInvokingEmptyMembers" time="0.0006" asserts="0" success="True" result="Success" executed="True" />
              <test-case description="Should pass PSAvoidNullOrEmptyHelpMessageAttribute" name="File HyperVBackup.psm1 should not produce any PSScriptAnalyzer warnings.Should pass PSAvoidNullOrEmptyHelpMessageAttribute" time="0.0007" asserts="0" success="True" result="Success" executed="True" />
              <test-case description="Should pass PSAvoidUsingPositionalParameters" name="File HyperVBackup.psm1 should not produce any PSScriptAnalyzer warnings.Should pass PSAvoidUsingPositionalParameters" time="0.0005" asserts="0" success="True" result="Success" executed="True" />
              <test-case description="Should pass PSReservedCmdletChar" name="File HyperVBackup.psm1 should not produce any PSScriptAnalyzer warnings.Should pass PSReservedCmdletChar" time="0.0006" asserts="0" success="True" result="Success" executed="True" />
              <test-case description="Should pass PSReservedParams" name="File HyperVBackup.psm1 should not produce any PSScriptAnalyzer warnings.Should pass PSReservedParams" time="0.0006" asserts="0" success="True" result="Success" executed="True" />
              <test-case description="Should pass PSAvoidShouldContinueWithoutForce" name="File HyperVBackup.psm1 should not produce any PSScriptAnalyzer warnings.Should pass PSAvoidShouldContinueWithoutForce" time="0.0018" asserts="0" success="True" result="Success" executed="True" />
              <test-case description="Should pass PSAvoidTrailingWhitespace" name="File HyperVBackup.psm1 should not produce any PSScriptAnalyzer warnings.Should pass PSAvoidTrailingWhitespace" time="0.0008" asserts="0" success="True" result="Success" executed="True" />
              <test-case description="Should pass PSAvoidUsingUsernameAndPasswordParams" name="File HyperVBackup.psm1 should not produce any PSScriptAnalyzer warnings.Should pass PSAvoidUsingUsernameAndPasswordParams" time="0.0006" asserts="0" success="True" result="Success" executed="True" />
              <test-case description="Should pass PSAvoidUsingComputerNameHardcoded" name="File HyperVBackup.psm1 should not produce any PSScriptAnalyzer warnings.Should pass PSAvoidUsingComputerNameHardcoded" time="0.0006" asserts="0" success="True" result="Success" executed="True" />
              <test-case description="Should pass PSAvoidUsingConvertToSecureStringWithPlainText" name="File HyperVBackup.psm1 should not produce any PSScriptAnalyzer warnings.Should pass PSAvoidUsingConvertToSecureStringWithPlainText" time="0.0006" asserts="0" success="True" result="Success" executed="True" />
              <test-case description="Should pass PSAvoidUsingDeprecatedManifestFields" name="File HyperVBackup.psm1 should not produce any PSScriptAnalyzer warnings.Should pass PSAvoidUsingDeprecatedManifestFields" time="0.0007" asserts="0" success="True" result="Success" executed="True" />
              <test-case description="Should pass PSAvoidUsingInvokeExpression" name="File HyperVBackup.psm1 should not produce any PSScriptAnalyzer warnings.Should pass PSAvoidUsingInvokeExpression" time="0.0018" asserts="0" success="True" result="Success" executed="True" />
              <test-case description="Should pass PSAvoidUsingPlainTextForPassword" name="File HyperVBackup.psm1 should not produce any PSScriptAnalyzer warnings.Should pass PSAvoidUsingPlainTextForPassword" time="0.0006" asserts="0" success="True" result="Success" executed="True" />
              <test-case description="Should pass PSAvoidUsingWMICmdlet" name="File HyperVBackup.psm1 should not produce any PSScriptAnalyzer warnings.Should pass PSAvoidUsingWMICmdlet" time="0.0006" asserts="0" success="True" result="Success" executed="True" />
              <test-case description="Should pass PSAvoidUsingWriteHost" name="File HyperVBackup.psm1 should not produce any PSScriptAnalyzer warnings.Should pass PSAvoidUsingWriteHost" time="0.0006" asserts="0" success="True" result="Success" executed="True" />
              <test-case description="Should pass PSUseCompatibleCommands" name="File HyperVBackup.psm1 should not produce any PSScriptAnalyzer warnings.Should pass PSUseCompatibleCommands" time="0.0005" asserts="0" success="True" result="Success" executed="True" />
              <test-case description="Should pass PSUseCompatibleSyntax" name="File HyperVBackup.psm1 should not produce any PSScriptAnalyzer warnings.Should pass PSUseCompatibleSyntax" time="0.0005" asserts="0" success="True" result="Success" executed="True" />
              <test-case description="Should pass PSUseCompatibleTypes" name="File HyperVBackup.psm1 should not produce any PSScriptAnalyzer warnings.Should pass PSUseCompatibleTypes" time="0.0006" asserts="0" success="True" result="Success" executed="True" />
              <test-case description="Should pass PSMisleadingBacktick" name="File HyperVBackup.psm1 should not produce any PSScriptAnalyzer warnings.Should pass PSMisleadingBacktick" time="0.0006" asserts="0" success="True" result="Success" executed="True" />
              <test-case description="Should pass PSMissingModuleManifestField" name="File HyperVBackup.psm1 should not produce any PSScriptAnalyzer warnings.Should pass PSMissingModuleManifestField" time="0.0006" asserts="0" success="True" result="Success" executed="True" />
              <test-case description="Should pass PSPlaceCloseBrace" name="File HyperVBackup.psm1 should not produce any PSScriptAnalyzer warnings.Should pass PSPlaceCloseBrace" time="0.0008" asserts="0" success="True" result="Success" executed="True" />
              <test-case description="Should pass PSPlaceOpenBrace" name="File HyperVBackup.psm1 should not produce any PSScriptAnalyzer warnings.Should pass PSPlaceOpenBrace" time="0.0008" asserts="0" success="True" result="Success" executed="True" />
              <test-case description="Should pass PSPossibleIncorrectComparisonWithNull" name="File HyperVBackup.psm1 should not produce any PSScriptAnalyzer warnings.Should pass PSPossibleIncorrectComparisonWithNull" time="0.0008" asserts="0" success="True" result="Success" executed="True" />
              <test-case description="Should pass PSPossibleIncorrectUsageOfAssignmentOperator" name="File HyperVBackup.psm1 should not produce any PSScriptAnalyzer warnings.Should pass PSPossibleIncorrectUsageOfAssignmentOperator" time="0.0006" asserts="0" success="True" result="Success" executed="True" />
              <test-case description="Should pass PSPossibleIncorrectUsageOfRedirectionOperator" name="File HyperVBackup.psm1 should not produce any PSScriptAnalyzer warnings.Should pass PSPossibleIncorrectUsageOfRedirectionOperator" time="0.0007" asserts="0" success="True" result="Success" executed="True" />
              <test-case description="Should pass PSProvideCommentHelp" name="File HyperVBackup.psm1 should not produce any PSScriptAnalyzer warnings.Should pass PSProvideCommentHelp" time="0.0006" asserts="0" success="True" result="Success" executed="True" />
              <test-case description="Should pass PSUseApprovedVerbs" name="File HyperVBackup.psm1 should not produce any PSScriptAnalyzer warnings.Should pass PSUseApprovedVerbs" time="0.0007" asserts="0" success="True" result="Success" executed="True" />
              <test-case description="Should pass PSUseBOMForUnicodeEncodedFile" name="File HyperVBackup.psm1 should not produce any PSScriptAnalyzer warnings.Should pass PSUseBOMForUnicodeEncodedFile" time="0.0007" asserts="0" success="True" result="Success" executed="True" />
              <test-case description="Should pass PSUseCmdletCorrectly" name="File HyperVBackup.psm1 should not produce any PSScriptAnalyzer warnings.Should pass PSUseCmdletCorrectly" time="0.0006" asserts="0" success="True" result="Success" executed="True" />
              <test-case description="Should pass PSUseCompatibleCmdlets" name="File HyperVBackup.psm1 should not produce any PSScriptAnalyzer warnings.Should pass PSUseCompatibleCmdlets" time="0.0007" asserts="0" success="True" result="Success" executed="True" />
              <test-case description="Should pass PSUseConsistentIndentation" name="File HyperVBackup.psm1 should not produce any PSScriptAnalyzer warnings.Should pass PSUseConsistentIndentation" time="0.0008" asserts="0" success="True" result="Success" executed="True" />
              <test-case description="Should pass PSUseConsistentWhitespace" name="File HyperVBackup.psm1 should not produce any PSScriptAnalyzer warnings.Should pass PSUseConsistentWhitespace" time="0.0007" asserts="0" success="True" result="Success" executed="True" />
              <test-case description="Should pass PSUseCorrectCasing" name="File HyperVBackup.psm1 should not produce any PSScriptAnalyzer warnings.Should pass PSUseCorrectCasing" time="0.0005" asserts="0" success="True" result="Success" executed="True" />
              <test-case description="Should pass PSUseDeclaredVarsMoreThanAssignments" name="File HyperVBackup.psm1 should not produce any PSScriptAnalyzer warnings.Should pass PSUseDeclaredVarsMoreThanAssignments" time="0.0007" asserts="0" success="True" result="Success" executed="True" />
              <test-case description="Should pass PSUseLiteralInitializerForHashtable" name="File HyperVBackup.psm1 should not produce any PSScriptAnalyzer warnings.Should pass PSUseLiteralInitializerForHashtable" time="0.0007" asserts="0" success="True" result="Success" executed="True" />
              <test-case description="Should pass PSUseOutputTypeCorrectly" name="File HyperVBackup.psm1 should not produce any PSScriptAnalyzer warnings.Should pass PSUseOutputTypeCorrectly" time="0.0006" asserts="0" success="True" result="Success" executed="True" />
              <test-case description="Should pass PSUsePSCredentialType" name="File HyperVBackup.psm1 should not produce any PSScriptAnalyzer warnings.Should pass PSUsePSCredentialType" time="0.0006" asserts="0" success="True" result="Success" executed="True" />
              <test-case description="Should pass PSShouldProcess" name="File HyperVBackup.psm1 should not produce any PSScriptAnalyzer warnings.Should pass PSShouldProcess" time="0.0006" asserts="0" success="True" result="Success" executed="True" />
              <test-case description="Should pass PSUseShouldProcessForStateChangingFunctions" name="File HyperVBackup.psm1 should not produce any PSScriptAnalyzer warnings.Should pass PSUseShouldProcessForStateChangingFunctions" time="0.0006" asserts="0" success="True" result="Success" executed="True" />
              <test-case description="Should pass PSUseSingularNouns" name="File HyperVBackup.psm1 should not produce any PSScriptAnalyzer warnings.Should pass PSUseSingularNouns" time="0.0006" asserts="0" success="True" result="Success" executed="True" />
              <test-case description="Should pass PSUseSupportsShouldProcess" name="File HyperVBackup.psm1 should not produce any PSScriptAnalyzer warnings.Should pass PSUseSupportsShouldProcess" time="0.0008" asserts="0" success="True" result="Success" executed="True" />
              <test-case description="Should pass PSUseToExportFieldsInManifest" name="File HyperVBackup.psm1 should not produce any PSScriptAnalyzer warnings.Should pass PSUseToExportFieldsInManifest" time="0.0006" asserts="0" success="True" result="Success" executed="True" />
              <test-case description="Should pass PSUseUTF8EncodingForHelpFile" name="File HyperVBackup.psm1 should not produce any PSScriptAnalyzer warnings.Should pass PSUseUTF8EncodingForHelpFile" time="0.0005" asserts="0" success="True" result="Success" executed="True" />
              <test-case description="Should pass PSDSCDscExamplesPresent" name="File HyperVBackup.psm1 should not produce any PSScriptAnalyzer warnings.Should pass PSDSCDscExamplesPresent" time="0.0008" asserts="0" success="True" result="Success" executed="True" />
              <test-case description="Should pass PSDSCDscTestsPresent" name="File HyperVBackup.psm1 should not produce any PSScriptAnalyzer warnings.Should pass PSDSCDscTestsPresent" time="0.0007" asserts="0" success="True" result="Success" executed="True" />
              <test-case description="Should pass PSDSCReturnCorrectTypesForDSCFunctions" name="File HyperVBackup.psm1 should not produce any PSScriptAnalyzer warnings.Should pass PSDSCReturnCorrectTypesForDSCFunctions" time="0.0006" asserts="0" success="True" result="Success" executed="True" />
              <test-case description="Should pass PSDSCUseIdenticalMandatoryParametersForDSC" name="File HyperVBackup.psm1 should not produce any PSScriptAnalyzer warnings.Should pass PSDSCUseIdenticalMandatoryParametersForDSC" time="0.0006" asserts="0" success="True" result="Success" executed="True" />
              <test-case description="Should pass PSDSCUseIdenticalParametersForDSC" name="File HyperVBackup.psm1 should not produce any PSScriptAnalyzer warnings.Should pass PSDSCUseIdenticalParametersForDSC" time="0.0006" asserts="0" success="True" result="Success" executed="True" />
              <test-case description="Should pass PSDSCStandardDSCFunctionsInResource" name="File HyperVBackup.psm1 should not produce any PSScriptAnalyzer warnings.Should pass PSDSCStandardDSCFunctionsInResource" time="0.0006" asserts="0" success="True" result="Success" executed="True" />
              <test-case description="Should pass PSDSCUseVerboseMessageInDSCResource" name="File HyperVBackup.psm1 should not produce any PSScriptAnalyzer warnings.Should pass PSDSCUseVerboseMessageInDSCResource" time="0.0008" asserts="0" success="True" result="Success" executed="True" />
            </results>
          </test-suite>
          <test-suite type="TestFixture" name="File Backup-VM.ps1 should not produce any PSScriptAnalyzer warnings" executed="True" result="Success" success="True" time="0.5295" asserts="0" description="File Backup-VM.ps1 should not produce any PSScriptAnalyzer warnings">
            <results>
              <test-case description="Should pass PSAlignAssignmentStatement" name="File Backup-VM.ps1 should not produce any PSScriptAnalyzer warnings.Should pass PSAlignAssignmentStatement" time="0.0036" asserts="0" success="True" result="Success" executed="True" />
              <test-case description="Should pass PSAvoidUsingCmdletAliases" name="File Backup-VM.ps1 should not produce any PSScriptAnalyzer warnings.Should pass PSAvoidUsingCmdletAliases" time="0.0006" asserts="0" success="True" result="Success" executed="True" />
              <test-case description="Should pass PSAvoidAssignmentToAutomaticVariable" name="File Backup-VM.ps1 should not produce any PSScriptAnalyzer warnings.Should pass PSAvoidAssignmentToAutomaticVariable" time="0.0006" asserts="0" success="True" result="Success" executed="True" />
              <test-case description="Should pass PSAvoidDefaultValueSwitchParameter" name="File Backup-VM.ps1 should not produce any PSScriptAnalyzer warnings.Should pass PSAvoidDefaultValueSwitchParameter" time="0.001" asserts="0" success="True" result="Success" executed="True" />
              <test-case description="Should pass PSAvoidDefaultValueForMandatoryParameter" name="File Backup-VM.ps1 should not produce any PSScriptAnalyzer warnings.Should pass PSAvoidDefaultValueForMandatoryParameter" time="0.0009" asserts="0" success="True" result="Success" executed="True" />
              <test-case description="Should pass PSAvoidUsingEmptyCatchBlock" name="File Backup-VM.ps1 should not produce any PSScriptAnalyzer warnings.Should pass PSAvoidUsingEmptyCatchBlock" time="0.0009" asserts="0" success="True" result="Success" executed="True" />
              <test-case description="Should pass PSAvoidGlobalAliases" name="File Backup-VM.ps1 should not produce any PSScriptAnalyzer warnings.Should pass PSAvoidGlobalAliases" time="0.0006" asserts="0" success="True" result="Success" executed="True" />
              <test-case description="Should pass PSAvoidGlobalFunctions" name="File Backup-VM.ps1 should not produce any PSScriptAnalyzer warnings.Should pass PSAvoidGlobalFunctions" time="0.0006" asserts="0" success="True" result="Success" executed="True" />
              <test-case description="Should pass PSAvoidGlobalVars" name="File Backup-VM.ps1 should not produce any PSScriptAnalyzer warnings.Should pass PSAvoidGlobalVars" time="0.0006" asserts="0" success="True" result="Success" executed="True" />
              <test-case description="Should pass PSAvoidInvokingEmptyMembers" name="File Backup-VM.ps1 should not produce any PSScriptAnalyzer warnings.Should pass PSAvoidInvokingEmptyMembers" time="0.0009" asserts="0" success="True" result="Success" executed="True" />
              <test-case description="Should pass PSAvoidNullOrEmptyHelpMessageAttribute" name="File Backup-VM.ps1 should not produce any PSScriptAnalyzer warnings.Should pass PSAvoidNullOrEmptyHelpMessageAttribute" time="0.0006" asserts="0" success="True" result="Success" executed="True" />
              <test-case description="Should pass PSAvoidUsingPositionalParameters" name="File Backup-VM.ps1 should not produce any PSScriptAnalyzer warnings.Should pass PSAvoidUsingPositionalParameters" time="0.0006" asserts="0" success="True" result="Success" executed="True" />
              <test-case description="Should pass PSReservedCmdletChar" name="File Backup-VM.ps1 should not produce any PSScriptAnalyzer warnings.Should pass PSReservedCmdletChar" time="0.0009" asserts="0" success="True" result="Success" executed="True" />
              <test-case description="Should pass PSReservedParams" name="File Backup-VM.ps1 should not produce any PSScriptAnalyzer warnings.Should pass PSReservedParams" time="0.0006" asserts="0" success="True" result="Success" executed="True" />
              <test-case description="Should pass PSAvoidShouldContinueWithoutForce" name="File Backup-VM.ps1 should not produce any PSScriptAnalyzer warnings.Should pass PSAvoidShouldContinueWithoutForce" time="0.0006" asserts="0" success="True" result="Success" executed="True" />
              <test-case description="Should pass PSAvoidTrailingWhitespace" name="File Backup-VM.ps1 should not produce any PSScriptAnalyzer warnings.Should pass PSAvoidTrailingWhitespace" time="0.0006" asserts="0" success="True" result="Success" executed="True" />
              <test-case description="Should pass PSAvoidUsingUsernameAndPasswordParams" name="File Backup-VM.ps1 should not produce any PSScriptAnalyzer warnings.Should pass PSAvoidUsingUsernameAndPasswordParams" time="0.0006" asserts="0" success="True" result="Success" executed="True" />
              <test-case description="Should pass PSAvoidUsingComputerNameHardcoded" name="File Backup-VM.ps1 should not produce any PSScriptAnalyzer warnings.Should pass PSAvoidUsingComputerNameHardcoded" time="0.0006" asserts="0" success="True" result="Success" executed="True" />
              <test-case description="Should pass PSAvoidUsingConvertToSecureStringWithPlainText" name="File Backup-VM.ps1 should not produce any PSScriptAnalyzer warnings.Should pass PSAvoidUsingConvertToSecureStringWithPlainText" time="0.0006" asserts="0" success="True" result="Success" executed="True" />
              <test-case description="Should pass PSAvoidUsingDeprecatedManifestFields" name="File Backup-VM.ps1 should not produce any PSScriptAnalyzer warnings.Should pass PSAvoidUsingDeprecatedManifestFields" time="0.0057" asserts="0" success="True" result="Success" executed="True" />
              <test-case description="Should pass PSAvoidUsingInvokeExpression" name="File Backup-VM.ps1 should not produce any PSScriptAnalyzer warnings.Should pass PSAvoidUsingInvokeExpression" time="0.0006" asserts="0" success="True" result="Success" executed="True" />
              <test-case description="Should pass PSAvoidUsingPlainTextForPassword" name="File Backup-VM.ps1 should not produce any PSScriptAnalyzer warnings.Should pass PSAvoidUsingPlainTextForPassword" time="0.0006" asserts="0" success="True" result="Success" executed="True" />
[...]
              <test-case description="Should pass PSUseToExportFieldsInManifest" name="File ModuleValidation.Tests.ps1 should not produce any PSScriptAnalyzer warnings.Should pass PSUseToExportFieldsInManifest" time="0.0006" asserts="0" success="True" result="Success" executed="True" />
              <test-case description="Should pass PSUseUTF8EncodingForHelpFile" name="File ModuleValidation.Tests.ps1 should not produce any PSScriptAnalyzer warnings.Should pass PSUseUTF8EncodingForHelpFile" time="0.0006" asserts="0" success="True" result="Success" executed="True" />
              <test-case description="Should pass PSDSCDscExamplesPresent" name="File ModuleValidation.Tests.ps1 should not produce any PSScriptAnalyzer warnings.Should pass PSDSCDscExamplesPresent" time="0.0006" asserts="0" success="True" result="Success" executed="True" />
              <test-case description="Should pass PSDSCDscTestsPresent" name="File ModuleValidation.Tests.ps1 should not produce any PSScriptAnalyzer warnings.Should pass PSDSCDscTestsPresent" time="0.0006" asserts="0" success="True" result="Success" executed="True" />
              <test-case description="Should pass PSDSCReturnCorrectTypesForDSCFunctions" name="File ModuleValidation.Tests.ps1 should not produce any PSScriptAnalyzer warnings.Should pass PSDSCReturnCorrectTypesForDSCFunctions" time="0.0006" asserts="0" success="True" result="Success" executed="True" />
              <test-case description="Should pass PSDSCUseIdenticalMandatoryParametersForDSC" name="File ModuleValidation.Tests.ps1 should not produce any PSScriptAnalyzer warnings.Should pass PSDSCUseIdenticalMandatoryParametersForDSC" time="0.0006" asserts="0" success="True" result="Success" executed="True" />
              <test-case description="Should pass PSDSCUseIdenticalParametersForDSC" name="File ModuleValidation.Tests.ps1 should not produce any PSScriptAnalyzer warnings.Should pass PSDSCUseIdenticalParametersForDSC" time="0.0006" asserts="0" success="True" result="Success" executed="True" />
              <test-case description="Should pass PSDSCStandardDSCFunctionsInResource" name="File ModuleValidation.Tests.ps1 should not produce any PSScriptAnalyzer warnings.Should pass PSDSCStandardDSCFunctionsInResource" time="0.0006" asserts="0" success="True" result="Success" executed="True" />
              <test-case description="Should pass PSDSCUseVerboseMessageInDSCResource" name="File ModuleValidation.Tests.ps1 should not produce any PSScriptAnalyzer warnings.Should pass PSDSCUseVerboseMessageInDSCResource" time="0.0006" asserts="0" success="True" result="Success" executed="True" />
            </results>
          </test-suite>
          <test-suite type="TestFixture" name="File PSScriptAnalyzer.Tests.ps1 should not produce any PSScriptAnalyzer warnings" executed="True" result="Success" success="True" time="0.4993" asserts="0" description="File PSScriptAnalyzer.Tests.ps1 should not produce any PSScriptAnalyzer warnings">
            <results>
              <test-case description="Should pass PSAlignAssignmentStatement" name="File PSScriptAnalyzer.Tests.ps1 should not produce any PSScriptAnalyzer warnings.Should pass PSAlignAssignmentStatement" time="0.0006" asserts="0" success="True" result="Success" executed="True" />
              <test-case description="Should pass PSAvoidUsingCmdletAliases" name="File PSScriptAnalyzer.Tests.ps1 should not produce any PSScriptAnalyzer warnings.Should pass PSAvoidUsingCmdletAliases" time="0.0006" asserts="0" success="True" result="Success" executed="True" />
              <test-case description="Should pass PSAvoidAssignmentToAutomaticVariable" name="File PSScriptAnalyzer.Tests.ps1 should not produce any PSScriptAnalyzer warnings.Should pass PSAvoidAssignmentToAutomaticVariable" time="0.0005" asserts="0" success="True" result="Success" executed="True" />
              <test-case description="Should pass PSAvoidDefaultValueSwitchParameter" name="File PSScriptAnalyzer.Tests.ps1 should not produce any PSScriptAnalyzer warnings.Should pass PSAvoidDefaultValueSwitchParameter" time="0.0007" asserts="0" success="True" result="Success" executed="True" />
              <test-case description="Should pass PSAvoidDefaultValueForMandatoryParameter" name="File PSScriptAnalyzer.Tests.ps1 should not produce any PSScriptAnalyzer warnings.Should pass PSAvoidDefaultValueForMandatoryParameter" time="0.0006" asserts="0" success="True" result="Success" executed="True" />
              <test-case description="Should pass PSAvoidUsingEmptyCatchBlock" name="File PSScriptAnalyzer.Tests.ps1 should not produce any PSScriptAnalyzer warnings.Should pass PSAvoidUsingEmptyCatchBlock" time="0.0007" asserts="0" success="True" result="Success" executed="True" />
              <test-case description="Should pass PSAvoidGlobalAliases" name="File PSScriptAnalyzer.Tests.ps1 should not produce any PSScriptAnalyzer warnings.Should pass PSAvoidGlobalAliases" time="0.0006" asserts="0" success="True" result="Success" executed="True" />
              <test-case description="Should pass PSAvoidGlobalFunctions" name="File PSScriptAnalyzer.Tests.ps1 should not produce any PSScriptAnalyzer warnings.Should pass PSAvoidGlobalFunctions" time="0.0005" asserts="0" success="True" result="Success" executed="True" />
              <test-case description="Should pass PSAvoidGlobalVars" name="File PSScriptAnalyzer.Tests.ps1 should not produce any PSScriptAnalyzer warnings.Should pass PSAvoidGlobalVars" time="0.0005" asserts="0" success="True" result="Success" executed="True" />
              <test-case description="Should pass PSAvoidInvokingEmptyMembers" name="File PSScriptAnalyzer.Tests.ps1 should not produce any PSScriptAnalyzer warnings.Should pass PSAvoidInvokingEmptyMembers" time="0.0006" asserts="0" success="True" result="Success" executed="True" />
              <test-case description="Should pass PSAvoidNullOrEmptyHelpMessageAttribute" name="File PSScriptAnalyzer.Tests.ps1 should not produce any PSScriptAnalyzer warnings.Should pass PSAvoidNullOrEmptyHelpMessageAttribute" time="0.0005" asserts="0" success="True" result="Success" executed="True" />
              <test-case description="Should pass PSAvoidUsingPositionalParameters" name="File PSScriptAnalyzer.Tests.ps1 should not produce any PSScriptAnalyzer warnings.Should pass PSAvoidUsingPositionalParameters" time="0.0006" asserts="0" success="True" result="Success" executed="True" />
              <test-case description="Should pass PSReservedCmdletChar" name="File PSScriptAnalyzer.Tests.ps1 should not produce any PSScriptAnalyzer warnings.Should pass PSReservedCmdletChar" time="0.0005" asserts="0" success="True" result="Success" executed="True" />
              <test-case description="Should pass PSReservedParams" name="File PSScriptAnalyzer.Tests.ps1 should not produce any PSScriptAnalyzer warnings.Should pass PSReservedParams" time="0.0006" asserts="0" success="True" result="Success" executed="True" />
              <test-case description="Should pass PSAvoidShouldContinueWithoutForce" name="File PSScriptAnalyzer.Tests.ps1 should not produce any PSScriptAnalyzer warnings.Should pass PSAvoidShouldContinueWithoutForce" time="0.0006" asserts="0" success="True" result="Success" executed="True" />
              <test-case description="Should pass PSAvoidTrailingWhitespace" name="File PSScriptAnalyzer.Tests.ps1 should not produce any PSScriptAnalyzer warnings.Should pass PSAvoidTrailingWhitespace" time="0.0006" asserts="0" success="True" result="Success" executed="True" />
              <test-case description="Should pass PSAvoidUsingUsernameAndPasswordParams" name="File PSScriptAnalyzer.Tests.ps1 should not produce any PSScriptAnalyzer warnings.Should pass PSAvoidUsingUsernameAndPasswordParams" time="0.0005" asserts="0" success="True" result="Success" executed="True" />
              <test-case description="Should pass PSAvoidUsingComputerNameHardcoded" name="File PSScriptAnalyzer.Tests.ps1 should not produce any PSScriptAnalyzer warnings.Should pass PSAvoidUsingComputerNameHardcoded" time="0.0006" asserts="0" success="True" result="Success" executed="True" />
              <test-case description="Should pass PSAvoidUsingConvertToSecureStringWithPlainText" name="File PSScriptAnalyzer.Tests.ps1 should not produce any PSScriptAnalyzer warnings.Should pass PSAvoidUsingConvertToSecureStringWithPlainText" time="0.0006" asserts="0" success="True" result="Success" executed="True" />
              <test-case description="Should pass PSAvoidUsingDeprecatedManifestFields" name="File PSScriptAnalyzer.Tests.ps1 should not produce any PSScriptAnalyzer warnings.Should pass PSAvoidUsingDeprecatedManifestFields" time="0.0007" asserts="0" success="True" result="Success" executed="True" />
              <test-case description="Should pass PSAvoidUsingInvokeExpression" name="File PSScriptAnalyzer.Tests.ps1 should not produce any PSScriptAnalyzer warnings.Should pass PSAvoidUsingInvokeExpression" time="0.0007" asserts="0" success="True" result="Success" executed="True" />
              <test-case description="Should pass PSAvoidUsingPlainTextForPassword" name="File PSScriptAnalyzer.Tests.ps1 should not produce any PSScriptAnalyzer warnings.Should pass PSAvoidUsingPlainTextForPassword" time="0.001" asserts="0" success="True" result="Success" executed="True" />
              <test-case description="Should pass PSAvoidUsingWMICmdlet" name="File PSScriptAnalyzer.Tests.ps1 should not produce any PSScriptAnalyzer warnings.Should pass PSAvoidUsingWMICmdlet" time="0.0007" asserts="0" success="True" result="Success" executed="True" />
              <test-case description="Should pass PSAvoidUsingWriteHost" name="File PSScriptAnalyzer.Tests.ps1 should not produce any PSScriptAnalyzer warnings.Should pass PSAvoidUsingWriteHost" time="0.0006" asserts="0" success="True" result="Success" executed="True" />
              <test-case description="Should pass PSUseCompatibleCommands" name="File PSScriptAnalyzer.Tests.ps1 should not produce any PSScriptAnalyzer warnings.Should pass PSUseCompatibleCommands" time="0.0007" asserts="0" success="True" result="Success" executed="True" />
              <test-case description="Should pass PSUseCompatibleSyntax" name="File PSScriptAnalyzer.Tests.ps1 should not produce any PSScriptAnalyzer warnings.Should pass PSUseCompatibleSyntax" time="0.0005" asserts="0" success="True" result="Success" executed="True" />
              <test-case description="Should pass PSUseCompatibleTypes" name="File PSScriptAnalyzer.Tests.ps1 should not produce any PSScriptAnalyzer warnings.Should pass PSUseCompatibleTypes" time="0.0007" asserts="0" success="True" result="Success" executed="True" />
              <test-case description="Should pass PSMisleadingBacktick" name="File PSScriptAnalyzer.Tests.ps1 should not produce any PSScriptAnalyzer warnings.Should pass PSMisleadingBacktick" time="0.0006" asserts="0" success="True" result="Success" executed="True" />
              <test-case description="Should pass PSMissingModuleManifestField" name="File PSScriptAnalyzer.Tests.ps1 should not produce any PSScriptAnalyzer warnings.Should pass PSMissingModuleManifestField" time="0.0007" asserts="0" success="True" result="Success" executed="True" />
              <test-case description="Should pass PSPlaceCloseBrace" name="File PSScriptAnalyzer.Tests.ps1 should not produce any PSScriptAnalyzer warnings.Should pass PSPlaceCloseBrace" time="0.0006" asserts="0" success="True" result="Success" executed="True" />
              <test-case description="Should pass PSPlaceOpenBrace" name="File PSScriptAnalyzer.Tests.ps1 should not produce any PSScriptAnalyzer warnings.Should pass PSPlaceOpenBrace" time="0.0005" asserts="0" success="True" result="Success" executed="True" />
              <test-case description="Should pass PSPossibleIncorrectComparisonWithNull" name="File PSScriptAnalyzer.Tests.ps1 should not produce any PSScriptAnalyzer warnings.Should pass PSPossibleIncorrectComparisonWithNull" time="0.0008" asserts="0" success="True" result="Success" executed="True" />
              <test-case description="Should pass PSPossibleIncorrectUsageOfAssignmentOperator" name="File PSScriptAnalyzer.Tests.ps1 should not produce any PSScriptAnalyzer warnings.Should pass PSPossibleIncorrectUsageOfAssignmentOperator" time="0.0005" asserts="0" success="True" result="Success" executed="True" />
              <test-case description="Should pass PSPossibleIncorrectUsageOfRedirectionOperator" name="File PSScriptAnalyzer.Tests.ps1 should not produce any PSScriptAnalyzer warnings.Should pass PSPossibleIncorrectUsageOfRedirectionOperator" time="0.0005" asserts="0" success="True" result="Success" executed="True" />
              <test-case description="Should pass PSProvideCommentHelp" name="File PSScriptAnalyzer.Tests.ps1 should not produce any PSScriptAnalyzer warnings.Should pass PSProvideCommentHelp" time="0.0005" asserts="0" success="True" result="Success" executed="True" />
              <test-case description="Should pass PSUseApprovedVerbs" name="File PSScriptAnalyzer.Tests.ps1 should not produce any PSScriptAnalyzer warnings.Should pass PSUseApprovedVerbs" time="0.0014" asserts="0" success="True" result="Success" executed="True" />
              <test-case description="Should pass PSUseBOMForUnicodeEncodedFile" name="File PSScriptAnalyzer.Tests.ps1 should not produce any PSScriptAnalyzer warnings.Should pass PSUseBOMForUnicodeEncodedFile" time="0.0006" asserts="0" success="True" result="Success" executed="True" />
              <test-case description="Should pass PSUseCmdletCorrectly" name="File PSScriptAnalyzer.Tests.ps1 should not produce any PSScriptAnalyzer warnings.Should pass PSUseCmdletCorrectly" time="0.0007" asserts="0" success="True" result="Success" executed="True" />
              <test-case description="Should pass PSUseCompatibleCmdlets" name="File PSScriptAnalyzer.Tests.ps1 should not produce any PSScriptAnalyzer warnings.Should pass PSUseCompatibleCmdlets" time="0.0007" asserts="0" success="True" result="Success" executed="True" />
              <test-case description="Should pass PSUseConsistentIndentation" name="File PSScriptAnalyzer.Tests.ps1 should not produce any PSScriptAnalyzer warnings.Should pass PSUseConsistentIndentation" time="0.0007" asserts="0" success="True" result="Success" executed="True" />
              <test-case description="Should pass PSUseConsistentWhitespace" name="File PSScriptAnalyzer.Tests.ps1 should not produce any PSScriptAnalyzer warnings.Should pass PSUseConsistentWhitespace" time="0.0005" asserts="0" success="True" result="Success" executed="True" />
              <test-case description="Should pass PSUseCorrectCasing" name="File PSScriptAnalyzer.Tests.ps1 should not produce any PSScriptAnalyzer warnings.Should pass PSUseCorrectCasing" time="0.0007" asserts="0" success="True" result="Success" executed="True" />
              <test-case description="Should pass PSUseDeclaredVarsMoreThanAssignments" name="File PSScriptAnalyzer.Tests.ps1 should not produce any PSScriptAnalyzer warnings.Should pass PSUseDeclaredVarsMoreThanAssignments" time="0.0007" asserts="0" success="True" result="Success" executed="True" />
              <test-case description="Should pass PSUseLiteralInitializerForHashtable" name="File PSScriptAnalyzer.Tests.ps1 should not produce any PSScriptAnalyzer warnings.Should pass PSUseLiteralInitializerForHashtable" time="0.0007" asserts="0" success="True" result="Success" executed="True" />
              <test-case description="Should pass PSUseOutputTypeCorrectly" name="File PSScriptAnalyzer.Tests.ps1 should not produce any PSScriptAnalyzer warnings.Should pass PSUseOutputTypeCorrectly" time="0.0007" asserts="0" success="True" result="Success" executed="True" />
              <test-case description="Should pass PSUsePSCredentialType" name="File PSScriptAnalyzer.Tests.ps1 should not produce any PSScriptAnalyzer warnings.Should pass PSUsePSCredentialType" time="0.0005" asserts="0" success="True" result="Success" executed="True" />
              <test-case description="Should pass PSShouldProcess" name="File PSScriptAnalyzer.Tests.ps1 should not produce any PSScriptAnalyzer warnings.Should pass PSShouldProcess" time="0.0005" asserts="0" success="True" result="Success" executed="True" />
              <test-case description="Should pass PSUseShouldProcessForStateChangingFunctions" name="File PSScriptAnalyzer.Tests.ps1 should not produce any PSScriptAnalyzer warnings.Should pass PSUseShouldProcessForStateChangingFunctions" time="0.0005" asserts="0" success="True" result="Success" executed="True" />
              <test-case description="Should pass PSUseSingularNouns" name="File PSScriptAnalyzer.Tests.ps1 should not produce any PSScriptAnalyzer warnings.Should pass PSUseSingularNouns" time="0.0005" asserts="0" success="True" result="Success" executed="True" />
              <test-case description="Should pass PSUseSupportsShouldProcess" name="File PSScriptAnalyzer.Tests.ps1 should not produce any PSScriptAnalyzer warnings.Should pass PSUseSupportsShouldProcess" time="0.0005" asserts="0" success="True" result="Success" executed="True" />
              <test-case description="Should pass PSUseToExportFieldsInManifest" name="File PSScriptAnalyzer.Tests.ps1 should not produce any PSScriptAnalyzer warnings.Should pass PSUseToExportFieldsInManifest" time="0.0005" asserts="0" success="True" result="Success" executed="True" />
              <test-case description="Should pass PSUseUTF8EncodingForHelpFile" name="File PSScriptAnalyzer.Tests.ps1 should not produce any PSScriptAnalyzer warnings.Should pass PSUseUTF8EncodingForHelpFile" time="0.0006" asserts="0" success="True" result="Success" executed="True" />
              <test-case description="Should pass PSDSCDscExamplesPresent" name="File PSScriptAnalyzer.Tests.ps1 should not produce any PSScriptAnalyzer warnings.Should pass PSDSCDscExamplesPresent" time="0.0005" asserts="0" success="True" result="Success" executed="True" />
              <test-case description="Should pass PSDSCDscTestsPresent" name="File PSScriptAnalyzer.Tests.ps1 should not produce any PSScriptAnalyzer warnings.Should pass PSDSCDscTestsPresent" time="0.0005" asserts="0" success="True" result="Success" executed="True" />
              <test-case description="Should pass PSDSCReturnCorrectTypesForDSCFunctions" name="File PSScriptAnalyzer.Tests.ps1 should not produce any PSScriptAnalyzer warnings.Should pass PSDSCReturnCorrectTypesForDSCFunctions" time="0.0005" asserts="0" success="True" result="Success" executed="True" />
              <test-case description="Should pass PSDSCUseIdenticalMandatoryParametersForDSC" name="File PSScriptAnalyzer.Tests.ps1 should not produce any PSScriptAnalyzer warnings.Should pass PSDSCUseIdenticalMandatoryParametersForDSC" time="0.0006" asserts="0" success="True" result="Success" executed="True" />
              <test-case description="Should pass PSDSCUseIdenticalParametersForDSC" name="File PSScriptAnalyzer.Tests.ps1 should not produce any PSScriptAnalyzer warnings.Should pass PSDSCUseIdenticalParametersForDSC" time="0.0007" asserts="0" success="True" result="Success" executed="True" />
              <test-case description="Should pass PSDSCStandardDSCFunctionsInResource" name="File PSScriptAnalyzer.Tests.ps1 should not produce any PSScriptAnalyzer warnings.Should pass PSDSCStandardDSCFunctionsInResource" time="0.0005" asserts="0" success="True" result="Success" executed="True" />
              <test-case description="Should pass PSDSCUseVerboseMessageInDSCResource" name="File PSScriptAnalyzer.Tests.ps1 should not produce any PSScriptAnalyzer warnings.Should pass PSDSCUseVerboseMessageInDSCResource" time="0.0006" asserts="0" success="True" result="Success" executed="True" />
            </results>
          </test-suite>
        </results>
      </test-suite>
    </results>
  </test-suite>
</test-results>